<?xml version="1.0" encoding="UTF-8"?>
<!-- Generated by org.testng.reporters.JUnitXMLReporter -->
<testsuite hostname="DevilRedefined" ignored="3" name="Default test" tests="1" failures="0" timestamp="05 Sep 2018 06:03:36 GMT" time="81.192" errors="0">
  <testcase name="validateCreateNewContactsTest" time="6.639" classname="com.crm.qa.testcases.ContactsPageTest"/>
  <testcase name="selectSingleContactsByNameTest" time="0.0" classname="com.crm.qa.testcases.ContactsPageTest">
    <ignored/>
  </testcase> <!-- selectSingleContactsByNameTest -->
  <testcase name="selectMultipleContactsByNameTest" time="0.0" classname="com.crm.qa.testcases.ContactsPageTest">
    <ignored/>
  </testcase> <!-- selectMultipleContactsByNameTest -->
  <testcase name="verifyContactsPageLableTest" time="0.0" classname="com.crm.qa.testcases.ContactsPageTest">
    <ignored/>
  </testcase> <!-- verifyContactsPageLableTest -->
</testsuite> <!-- Default test -->
